<?xml version="1.0" encoding="UTF-8"?>
<testng-results ignored="0" total="2" passed="1" failed="1" skipped="0">
  <reporter-output>
  </reporter-output>
  <suite started-at="2019-02-20T10:58:24Z" name="datadrivenSuite" finished-at="2019-02-20T10:59:10Z" duration-ms="45808">
    <groups>
    </groups>
    <test started-at="2019-02-20T10:58:24Z" name="datadrivenTest" finished-at="2019-02-20T10:59:10Z" duration-ms="45808">
      <class name="maven_datadriven_readExcelfile_project.ExcelDatademo">
        <test-method is-config="true" signature="open_browser()[pri:0, instance:maven_datadriven_readExcelfile_project.ExcelDatademo@12468a38]" started-at="2019-02-20T10:58:20Z" name="open_browser" finished-at="2019-02-20T10:58:24Z" duration-ms="4233" status="PASS">
          <reporter-output>
          </reporter-output>
        </test-method> <!-- open_browser -->
        <test-method is-config="true" signature="getApplicationurl()[pri:0, instance:maven_datadriven_readExcelfile_project.ExcelDatademo@12468a38]" started-at="2019-02-20T10:58:24Z" name="getApplicationurl" finished-at="2019-02-20T10:58:28Z" duration-ms="4003" status="PASS">
          <reporter-output>
          </reporter-output>
        </test-method> <!-- getApplicationurl -->
        <test-method is-config="true" signature="browser_maximize()[pri:0, instance:maven_datadriven_readExcelfile_project.ExcelDatademo@12468a38]" started-at="2019-02-20T10:58:28Z" name="browser_maximize" finished-at="2019-02-20T10:58:29Z" duration-ms="1188" status="PASS">
          <reporter-output>
          </reporter-output>
        </test-method> <!-- browser_maximize -->
        <test-method is-config="true" signature="beforeMethod()[pri:0, instance:maven_datadriven_readExcelfile_project.ExcelDatademo@12468a38]" started-at="2019-02-20T10:58:31Z" name="beforeMethod" finished-at="2019-02-20T10:58:31Z" duration-ms="15" status="PASS">
          <reporter-output>
          </reporter-output>
        </test-method> <!-- beforeMethod -->
        <test-method signature="loginwithdetails(java.lang.String, java.lang.String)[pri:0, instance:maven_datadriven_readExcelfile_project.ExcelDatademo@12468a38]" started-at="2019-02-20T10:58:31Z" name="loginwithdetails" data-provider="getdata" finished-at="2019-02-20T10:59:07Z" duration-ms="35638" status="PASS">
          <params>
            <param index="0">
              <value>
                <![CDATA[diptichopade]]>
              </value>
            </param>
            <param index="1">
              <value>
                <![CDATA[chopade123]]>
              </value>
            </param>
          </params>
          <reporter-output>
          </reporter-output>
        </test-method> <!-- loginwithdetails -->
        <test-method is-config="true" signature="capturescreenshot()[pri:0, instance:maven_datadriven_readExcelfile_project.ExcelDatademo@12468a38]" started-at="2019-02-20T10:59:07Z" name="capturescreenshot" finished-at="2019-02-20T10:59:07Z" duration-ms="335" status="PASS">
          <reporter-output>
          </reporter-output>
        </test-method> <!-- capturescreenshot -->
        <test-method is-config="true" signature="beforeMethod()[pri:0, instance:maven_datadriven_readExcelfile_project.ExcelDatademo@12468a38]" started-at="2019-02-20T10:59:07Z" name="beforeMethod" finished-at="2019-02-20T10:59:07Z" duration-ms="7" status="PASS">
          <reporter-output>
          </reporter-output>
        </test-method> <!-- beforeMethod -->
        <test-method signature="loginwithdetails(java.lang.String, java.lang.String)[pri:0, instance:maven_datadriven_readExcelfile_project.ExcelDatademo@12468a38]" started-at="2019-02-20T10:59:07Z" name="loginwithdetails" data-provider="getdata" finished-at="2019-02-20T10:59:09Z" duration-ms="2411" status="FAIL">
          <params>
            <param index="0">
              <value>
                <![CDATA[rakshita]]>
              </value>
            </param>
            <param index="1">
              <value>
                <![CDATA[password123]]>
              </value>
            </param>
          </params>
          <exception class="org.openqa.selenium.NoSuchElementException">
            <message>
              <![CDATA[no such element: Unable to locate element: {"method":"link text","selector":"SIGN-OFF"}
  (Session info: chrome=72.0.3626.109)
  (Driver info: chromedriver=2.45.615291 (ec3682e3c9061c10f26ea9e5cdcf3c53f3f74387),platform=Windows NT 10.0.17134 x86_64) (WARNING: The server did not provide any stacktrace information)
Command duration or timeout: 0 milliseconds
For documentation on this error, please visit: https://www.seleniumhq.org/exceptions/no_such_element.html
Build info: version: '3.141.59', revision: 'e82be7d358', time: '2018-11-14T08:17:03'
System info: host: 'DESKTOP-479UU7V', ip: '192.168.43.201', os.name: 'Windows 10', os.arch: 'amd64', os.version: '10.0', java.version: '10.0.2'
Driver info: org.openqa.selenium.chrome.ChromeDriver
Capabilities {acceptInsecureCerts: false, acceptSslCerts: false, applicationCacheEnabled: false, browserConnectionEnabled: false, browserName: chrome, chrome: {chromedriverVersion: 2.45.615291 (ec3682e3c9061c..., userDataDir: C:\WINDOWS\TEMP\scoped_dir1...}, cssSelectorsEnabled: true, databaseEnabled: false, goog:chromeOptions: {debuggerAddress: localhost:60263}, handlesAlerts: true, hasTouchScreen: false, javascriptEnabled: true, locationContextEnabled: true, mobileEmulationEnabled: false, nativeEvents: true, networkConnectionEnabled: false, pageLoadStrategy: normal, platform: XP, platformName: XP, proxy: Proxy(), rotatable: false, setWindowRect: true, strictFileInteractability: false, takesHeapSnapshot: true, takesScreenshot: true, timeouts: {implicit: 0, pageLoad: 300000, script: 30000}, unexpectedAlertBehaviour: ignore, unhandledPromptBehavior: ignore, version: 72.0.3626.109, webStorageEnabled: true}
Session ID: 3131109a223062e54c4957bbdb635182
*** Element info: {Using=link text, value=SIGN-OFF}]]>
            </message>
            <full-stacktrace>
              <![CDATA[org.openqa.selenium.NoSuchElementException: no such element: Unable to locate element: {"method":"link text","selector":"SIGN-OFF"}
  (Session info: chrome=72.0.3626.109)
  (Driver info: chromedriver=2.45.615291 (ec3682e3c9061c10f26ea9e5cdcf3c53f3f74387),platform=Windows NT 10.0.17134 x86_64) (WARNING: The server did not provide any stacktrace information)
Command duration or timeout: 0 milliseconds
For documentation on this error, please visit: https://www.seleniumhq.org/exceptions/no_such_element.html
Build info: version: '3.141.59', revision: 'e82be7d358', time: '2018-11-14T08:17:03'
System info: host: 'DESKTOP-479UU7V', ip: '192.168.43.201', os.name: 'Windows 10', os.arch: 'amd64', os.version: '10.0', java.version: '10.0.2'
Driver info: org.openqa.selenium.chrome.ChromeDriver
Capabilities {acceptInsecureCerts: false, acceptSslCerts: false, applicationCacheEnabled: false, browserConnectionEnabled: false, browserName: chrome, chrome: {chromedriverVersion: 2.45.615291 (ec3682e3c9061c..., userDataDir: C:\WINDOWS\TEMP\scoped_dir1...}, cssSelectorsEnabled: true, databaseEnabled: false, goog:chromeOptions: {debuggerAddress: localhost:60263}, handlesAlerts: true, hasTouchScreen: false, javascriptEnabled: true, locationContextEnabled: true, mobileEmulationEnabled: false, nativeEvents: true, networkConnectionEnabled: false, pageLoadStrategy: normal, platform: XP, platformName: XP, proxy: Proxy(), rotatable: false, setWindowRect: true, strictFileInteractability: false, takesHeapSnapshot: true, takesScreenshot: true, timeouts: {implicit: 0, pageLoad: 300000, script: 30000}, unexpectedAlertBehaviour: ignore, unhandledPromptBehavior: ignore, version: 72.0.3626.109, webStorageEnabled: true}
Session ID: 3131109a223062e54c4957bbdb635182
*** Element info: {Using=link text, value=SIGN-OFF}
at java.base/jdk.internal.reflect.NativeConstructorAccessorImpl.newInstance0(Native Method)
at java.base/jdk.internal.reflect.NativeConstructorAccessorImpl.newInstance(Unknown Source)
at java.base/jdk.internal.reflect.DelegatingConstructorAccessorImpl.newInstance(Unknown Source)
at java.base/java.lang.reflect.Constructor.newInstance(Unknown Source)
at org.openqa.selenium.remote.ErrorHandler.createThrowable(ErrorHandler.java:214)
at org.openqa.selenium.remote.ErrorHandler.throwIfResponseFailed(ErrorHandler.java:166)
at org.openqa.selenium.remote.http.JsonHttpResponseCodec.reconstructValue(JsonHttpResponseCodec.java:40)
at org.openqa.selenium.remote.http.AbstractHttpResponseCodec.decode(AbstractHttpResponseCodec.java:80)
at org.openqa.selenium.remote.http.AbstractHttpResponseCodec.decode(AbstractHttpResponseCodec.java:44)
at org.openqa.selenium.remote.HttpCommandExecutor.execute(HttpCommandExecutor.java:158)
at org.openqa.selenium.remote.service.DriverCommandExecutor.execute(DriverCommandExecutor.java:83)
at org.openqa.selenium.remote.RemoteWebDriver.execute(RemoteWebDriver.java:552)
at org.openqa.selenium.remote.RemoteWebDriver.findElement(RemoteWebDriver.java:323)
at org.openqa.selenium.remote.RemoteWebDriver.findElementByLinkText(RemoteWebDriver.java:380)
at org.openqa.selenium.By$ByLinkText.findElement(By.java:220)
at org.openqa.selenium.remote.RemoteWebDriver.findElement(RemoteWebDriver.java:315)
at maven_datadriven_readExcelfile_project.ExcelDatademo.loginwithdetails(ExcelDatademo.java:37)
at java.base/jdk.internal.reflect.NativeMethodAccessorImpl.invoke0(Native Method)
at java.base/jdk.internal.reflect.NativeMethodAccessorImpl.invoke(Unknown Source)
at java.base/jdk.internal.reflect.DelegatingMethodAccessorImpl.invoke(Unknown Source)
at java.base/java.lang.reflect.Method.invoke(Unknown Source)
at org.testng.internal.MethodInvocationHelper.invokeMethod(MethodInvocationHelper.java:124)
at org.testng.internal.Invoker.invokeMethod(Invoker.java:583)
at org.testng.internal.Invoker.invokeTestMethod(Invoker.java:719)
at org.testng.internal.Invoker.invokeTestMethods(Invoker.java:989)
at org.testng.internal.TestMethodWorker.invokeTestMethods(TestMethodWorker.java:125)
at org.testng.internal.TestMethodWorker.run(TestMethodWorker.java:109)
at org.testng.TestRunner.privateRun(TestRunner.java:648)
at org.testng.TestRunner.run(TestRunner.java:505)
at org.testng.SuiteRunner.runTest(SuiteRunner.java:455)
at org.testng.SuiteRunner.runSequentially(SuiteRunner.java:450)
at org.testng.SuiteRunner.privateRun(SuiteRunner.java:415)
at org.testng.SuiteRunner.run(SuiteRunner.java:364)
at org.testng.SuiteRunnerWorker.runSuite(SuiteRunnerWorker.java:52)
at org.testng.SuiteRunnerWorker.run(SuiteRunnerWorker.java:84)
at org.testng.TestNG.runSuitesSequentially(TestNG.java:1208)
at org.testng.TestNG.runSuitesLocally(TestNG.java:1137)
at org.testng.TestNG.runSuites(TestNG.java:1049)
at org.testng.TestNG.run(TestNG.java:1017)
at org.apache.maven.surefire.testng.TestNGExecutor.run(TestNGExecutor.java:295)
at org.apache.maven.surefire.testng.TestNGXmlTestSuite.execute(TestNGXmlTestSuite.java:84)
at org.apache.maven.surefire.testng.TestNGProvider.invoke(TestNGProvider.java:90)
at org.apache.maven.surefire.booter.ForkedBooter.invokeProviderInSameClassLoader(ForkedBooter.java:203)
at org.apache.maven.surefire.booter.ForkedBooter.runSuitesInProcess(ForkedBooter.java:155)
at org.apache.maven.surefire.booter.ForkedBooter.main(ForkedBooter.java:103)
]]>
            </full-stacktrace>
          </exception> <!-- org.openqa.selenium.NoSuchElementException -->
          <reporter-output>
          </reporter-output>
        </test-method> <!-- loginwithdetails -->
        <test-method is-config="true" signature="capturescreenshot()[pri:0, instance:maven_datadriven_readExcelfile_project.ExcelDatademo@12468a38]" started-at="2019-02-20T10:59:09Z" name="capturescreenshot" finished-at="2019-02-20T10:59:10Z" duration-ms="436" status="PASS">
          <reporter-output>
          </reporter-output>
        </test-method> <!-- capturescreenshot -->
        <test-method is-config="true" signature="DeteleAllCookies()[pri:0, instance:maven_datadriven_readExcelfile_project.ExcelDatademo@12468a38]" started-at="2019-02-20T10:59:10Z" name="DeteleAllCookies" finished-at="2019-02-20T10:59:10Z" duration-ms="131" status="PASS">
          <reporter-output>
          </reporter-output>
        </test-method> <!-- DeteleAllCookies -->
        <test-method is-config="true" signature="dbconnectionclosed()[pri:0, instance:maven_datadriven_readExcelfile_project.ExcelDatademo@12468a38]" started-at="2019-02-20T10:59:10Z" name="dbconnectionclosed" finished-at="2019-02-20T10:59:10Z" duration-ms="0" status="PASS">
          <reporter-output>
          </reporter-output>
        </test-method> <!-- dbconnectionclosed -->
        <test-method is-config="true" signature="Browser_closed()[pri:0, instance:maven_datadriven_readExcelfile_project.ExcelDatademo@12468a38]" started-at="2019-02-20T10:59:10Z" name="Browser_closed" finished-at="2019-02-20T10:59:10Z" duration-ms="70" status="PASS">
          <reporter-output>
          </reporter-output>
        </test-method> <!-- Browser_closed -->
      </class> <!-- maven_datadriven_readExcelfile_project.ExcelDatademo -->
    </test> <!-- datadrivenTest -->
  </suite> <!-- datadrivenSuite -->
</testng-results>
