<?xml version="1.0" encoding="UTF-8"?>
<testng-results skipped="0" failed="1" ignored="0" total="2" passed="1">
  <reporter-output>
  </reporter-output>
  <suite name="datadrivenSuite" duration-ms="15165" started-at="2019-02-19T09:49:42Z" finished-at="2019-02-19T09:49:57Z">
    <groups>
    </groups>
    <test name="datadrivenTest" duration-ms="15165" started-at="2019-02-19T09:49:42Z" finished-at="2019-02-19T09:49:57Z">
      <class name="maven_datadriven_readExcelfile_project.ExcelDatademo">
        <test-method status="PASS" signature="open_browser()[pri:0, instance:maven_datadriven_readExcelfile_project.ExcelDatademo@77cd7a0]" name="open_browser" is-config="true" duration-ms="4568" started-at="2019-02-19T09:49:38Z" finished-at="2019-02-19T09:49:42Z">
          <reporter-output>
          </reporter-output>
        </test-method> <!-- open_browser -->
        <test-method status="PASS" signature="getApplicationurl()[pri:0, instance:maven_datadriven_readExcelfile_project.ExcelDatademo@77cd7a0]" name="getApplicationurl" is-config="true" duration-ms="6432" started-at="2019-02-19T09:49:42Z" finished-at="2019-02-19T09:49:49Z">
          <reporter-output>
          </reporter-output>
        </test-method> <!-- getApplicationurl -->
        <test-method status="PASS" signature="browser_maximize()[pri:0, instance:maven_datadriven_readExcelfile_project.ExcelDatademo@77cd7a0]" name="browser_maximize" is-config="true" duration-ms="1210" started-at="2019-02-19T09:49:49Z" finished-at="2019-02-19T09:49:50Z">
          <reporter-output>
          </reporter-output>
        </test-method> <!-- browser_maximize -->
        <test-method status="PASS" signature="beforeMethod()[pri:0, instance:maven_datadriven_readExcelfile_project.ExcelDatademo@77cd7a0]" name="beforeMethod" is-config="true" duration-ms="137" started-at="2019-02-19T09:49:51Z" finished-at="2019-02-19T09:49:51Z">
          <reporter-output>
          </reporter-output>
        </test-method> <!-- beforeMethod -->
        <test-method status="PASS" signature="loginwithdetails(java.lang.String, java.lang.String)[pri:0, instance:maven_datadriven_readExcelfile_project.ExcelDatademo@77cd7a0]" name="loginwithdetails" duration-ms="3584" started-at="2019-02-19T09:49:51Z" data-provider="getdata" finished-at="2019-02-19T09:49:55Z">
          <params>
            <param index="0">
              <value>
                <![CDATA[diptichopade]]>
              </value>
            </param>
            <param index="1">
              <value>
                <![CDATA[chopade123]]>
              </value>
            </param>
          </params>
          <reporter-output>
          </reporter-output>
        </test-method> <!-- loginwithdetails -->
        <test-method status="PASS" signature="capturescreenshot()[pri:0, instance:maven_datadriven_readExcelfile_project.ExcelDatademo@77cd7a0]" name="capturescreenshot" is-config="true" duration-ms="403" started-at="2019-02-19T09:49:55Z" finished-at="2019-02-19T09:49:55Z">
          <reporter-output>
          </reporter-output>
        </test-method> <!-- capturescreenshot -->
        <test-method status="PASS" signature="beforeMethod()[pri:0, instance:maven_datadriven_readExcelfile_project.ExcelDatademo@77cd7a0]" name="beforeMethod" is-config="true" duration-ms="7" started-at="2019-02-19T09:49:55Z" finished-at="2019-02-19T09:49:55Z">
          <reporter-output>
          </reporter-output>
        </test-method> <!-- beforeMethod -->
        <test-method status="FAIL" signature="loginwithdetails(java.lang.String, java.lang.String)[pri:0, instance:maven_datadriven_readExcelfile_project.ExcelDatademo@77cd7a0]" name="loginwithdetails" duration-ms="1893" started-at="2019-02-19T09:49:55Z" data-provider="getdata" finished-at="2019-02-19T09:49:57Z">
          <params>
            <param index="0">
              <value>
                <![CDATA[rakshita]]>
              </value>
            </param>
            <param index="1">
              <value>
                <![CDATA[password123]]>
              </value>
            </param>
          </params>
          <exception class="org.openqa.selenium.NoSuchElementException">
            <message>
              <![CDATA[no such element: Unable to locate element: {"method":"link text","selector":"SIGN-OFF"}
  (Session info: chrome=72.0.3626.109)
  (Driver info: chromedriver=2.45.615291 (ec3682e3c9061c10f26ea9e5cdcf3c53f3f74387),platform=Windows NT 10.0.17134 x86_64) (WARNING: The server did not provide any stacktrace information)
Command duration or timeout: 0 milliseconds
For documentation on this error, please visit: https://www.seleniumhq.org/exceptions/no_such_element.html
Build info: version: '3.141.59', revision: 'e82be7d358', time: '2018-11-14T08:17:03'
System info: host: 'DESKTOP-479UU7V', ip: '192.168.31.116', os.name: 'Windows 10', os.arch: 'amd64', os.version: '10.0', java.version: '1.8.0_161'
Driver info: org.openqa.selenium.chrome.ChromeDriver
Capabilities {acceptInsecureCerts: false, acceptSslCerts: false, applicationCacheEnabled: false, browserConnectionEnabled: false, browserName: chrome, chrome: {chromedriverVersion: 2.45.615291 (ec3682e3c9061c..., userDataDir: C:\Users\GIRISH~1\AppData\L...}, cssSelectorsEnabled: true, databaseEnabled: false, goog:chromeOptions: {debuggerAddress: localhost:56245}, handlesAlerts: true, hasTouchScreen: false, javascriptEnabled: true, locationContextEnabled: true, mobileEmulationEnabled: false, nativeEvents: true, networkConnectionEnabled: false, pageLoadStrategy: normal, platform: XP, platformName: XP, proxy: Proxy(), rotatable: false, setWindowRect: true, strictFileInteractability: false, takesHeapSnapshot: true, takesScreenshot: true, timeouts: {implicit: 0, pageLoad: 300000, script: 30000}, unexpectedAlertBehaviour: ignore, unhandledPromptBehavior: ignore, version: 72.0.3626.109, webStorageEnabled: true}
Session ID: aa60d20404a1cbb385fe1f7c01955b62
*** Element info: {Using=link text, value=SIGN-OFF}]]>
            </message>
            <full-stacktrace>
              <![CDATA[org.openqa.selenium.NoSuchElementException: no such element: Unable to locate element: {"method":"link text","selector":"SIGN-OFF"}
  (Session info: chrome=72.0.3626.109)
  (Driver info: chromedriver=2.45.615291 (ec3682e3c9061c10f26ea9e5cdcf3c53f3f74387),platform=Windows NT 10.0.17134 x86_64) (WARNING: The server did not provide any stacktrace information)
Command duration or timeout: 0 milliseconds
For documentation on this error, please visit: https://www.seleniumhq.org/exceptions/no_such_element.html
Build info: version: '3.141.59', revision: 'e82be7d358', time: '2018-11-14T08:17:03'
System info: host: 'DESKTOP-479UU7V', ip: '192.168.31.116', os.name: 'Windows 10', os.arch: 'amd64', os.version: '10.0', java.version: '1.8.0_161'
Driver info: org.openqa.selenium.chrome.ChromeDriver
Capabilities {acceptInsecureCerts: false, acceptSslCerts: false, applicationCacheEnabled: false, browserConnectionEnabled: false, browserName: chrome, chrome: {chromedriverVersion: 2.45.615291 (ec3682e3c9061c..., userDataDir: C:\Users\GIRISH~1\AppData\L...}, cssSelectorsEnabled: true, databaseEnabled: false, goog:chromeOptions: {debuggerAddress: localhost:56245}, handlesAlerts: true, hasTouchScreen: false, javascriptEnabled: true, locationContextEnabled: true, mobileEmulationEnabled: false, nativeEvents: true, networkConnectionEnabled: false, pageLoadStrategy: normal, platform: XP, platformName: XP, proxy: Proxy(), rotatable: false, setWindowRect: true, strictFileInteractability: false, takesHeapSnapshot: true, takesScreenshot: true, timeouts: {implicit: 0, pageLoad: 300000, script: 30000}, unexpectedAlertBehaviour: ignore, unhandledPromptBehavior: ignore, version: 72.0.3626.109, webStorageEnabled: true}
Session ID: aa60d20404a1cbb385fe1f7c01955b62
*** Element info: {Using=link text, value=SIGN-OFF}
at sun.reflect.NativeConstructorAccessorImpl.newInstance0(Native Method)
at sun.reflect.NativeConstructorAccessorImpl.newInstance(NativeConstructorAccessorImpl.java:62)
at sun.reflect.DelegatingConstructorAccessorImpl.newInstance(DelegatingConstructorAccessorImpl.java:45)
at java.lang.reflect.Constructor.newInstance(Constructor.java:423)
at org.openqa.selenium.remote.ErrorHandler.createThrowable(ErrorHandler.java:214)
at org.openqa.selenium.remote.ErrorHandler.throwIfResponseFailed(ErrorHandler.java:166)
at org.openqa.selenium.remote.http.JsonHttpResponseCodec.reconstructValue(JsonHttpResponseCodec.java:40)
at org.openqa.selenium.remote.http.AbstractHttpResponseCodec.decode(AbstractHttpResponseCodec.java:80)
at org.openqa.selenium.remote.http.AbstractHttpResponseCodec.decode(AbstractHttpResponseCodec.java:44)
at org.openqa.selenium.remote.HttpCommandExecutor.execute(HttpCommandExecutor.java:158)
at org.openqa.selenium.remote.service.DriverCommandExecutor.execute(DriverCommandExecutor.java:83)
at org.openqa.selenium.remote.RemoteWebDriver.execute(RemoteWebDriver.java:552)
at org.openqa.selenium.remote.RemoteWebDriver.findElement(RemoteWebDriver.java:323)
at org.openqa.selenium.remote.RemoteWebDriver.findElementByLinkText(RemoteWebDriver.java:380)
at org.openqa.selenium.By$ByLinkText.findElement(By.java:220)
at org.openqa.selenium.remote.RemoteWebDriver.findElement(RemoteWebDriver.java:315)
at maven_datadriven_readExcelfile_project.ExcelDatademo.loginwithdetails(ExcelDatademo.java:37)
at sun.reflect.NativeMethodAccessorImpl.invoke0(Native Method)
at sun.reflect.NativeMethodAccessorImpl.invoke(NativeMethodAccessorImpl.java:62)
at sun.reflect.DelegatingMethodAccessorImpl.invoke(DelegatingMethodAccessorImpl.java:43)
at java.lang.reflect.Method.invoke(Method.java:498)
at org.testng.internal.MethodInvocationHelper.invokeMethod(MethodInvocationHelper.java:124)
at org.testng.internal.Invoker.invokeMethod(Invoker.java:583)
at org.testng.internal.Invoker.invokeTestMethod(Invoker.java:719)
at org.testng.internal.Invoker.invokeTestMethods(Invoker.java:989)
at org.testng.internal.TestMethodWorker.invokeTestMethods(TestMethodWorker.java:125)
at org.testng.internal.TestMethodWorker.run(TestMethodWorker.java:109)
at org.testng.TestRunner.privateRun(TestRunner.java:648)
at org.testng.TestRunner.run(TestRunner.java:505)
at org.testng.SuiteRunner.runTest(SuiteRunner.java:455)
at org.testng.SuiteRunner.runSequentially(SuiteRunner.java:450)
at org.testng.SuiteRunner.privateRun(SuiteRunner.java:415)
at org.testng.SuiteRunner.run(SuiteRunner.java:364)
at org.testng.SuiteRunnerWorker.runSuite(SuiteRunnerWorker.java:52)
at org.testng.SuiteRunnerWorker.run(SuiteRunnerWorker.java:84)
at org.testng.TestNG.runSuitesSequentially(TestNG.java:1208)
at org.testng.TestNG.runSuitesLocally(TestNG.java:1137)
at org.testng.TestNG.runSuites(TestNG.java:1049)
at org.testng.TestNG.run(TestNG.java:1017)
at org.testng.remote.AbstractRemoteTestNG.run(AbstractRemoteTestNG.java:114)
at org.testng.remote.RemoteTestNG.initAndRun(RemoteTestNG.java:251)
at org.testng.remote.RemoteTestNG.main(RemoteTestNG.java:77)
]]>
            </full-stacktrace>
          </exception> <!-- org.openqa.selenium.NoSuchElementException -->
          <reporter-output>
          </reporter-output>
        </test-method> <!-- loginwithdetails -->
        <test-method status="PASS" signature="capturescreenshot()[pri:0, instance:maven_datadriven_readExcelfile_project.ExcelDatademo@77cd7a0]" name="capturescreenshot" is-config="true" duration-ms="414" started-at="2019-02-19T09:49:57Z" finished-at="2019-02-19T09:49:57Z">
          <reporter-output>
          </reporter-output>
        </test-method> <!-- capturescreenshot -->
        <test-method status="PASS" signature="DeteleAllCookies()[pri:0, instance:maven_datadriven_readExcelfile_project.ExcelDatademo@77cd7a0]" name="DeteleAllCookies" is-config="true" duration-ms="26" started-at="2019-02-19T09:49:57Z" finished-at="2019-02-19T09:49:57Z">
          <reporter-output>
          </reporter-output>
        </test-method> <!-- DeteleAllCookies -->
        <test-method status="PASS" signature="dbconnectionclosed()[pri:0, instance:maven_datadriven_readExcelfile_project.ExcelDatademo@77cd7a0]" name="dbconnectionclosed" is-config="true" duration-ms="0" started-at="2019-02-19T09:49:57Z" finished-at="2019-02-19T09:49:57Z">
          <reporter-output>
          </reporter-output>
        </test-method> <!-- dbconnectionclosed -->
        <test-method status="PASS" signature="Browser_closed()[pri:0, instance:maven_datadriven_readExcelfile_project.ExcelDatademo@77cd7a0]" name="Browser_closed" is-config="true" duration-ms="92" started-at="2019-02-19T09:49:57Z" finished-at="2019-02-19T09:49:58Z">
          <reporter-output>
          </reporter-output>
        </test-method> <!-- Browser_closed -->
      </class> <!-- maven_datadriven_readExcelfile_project.ExcelDatademo -->
    </test> <!-- datadrivenTest -->
  </suite> <!-- datadrivenSuite -->
</testng-results>
